<?xml version="1.0" encoding="UTF-8"?>
<testsuite name="com.invoice.RideRepositoryTest" tests="4" skipped="0" failures="0" errors="0" timestamp="2020-04-24T17:38:37" hostname="SHREE" time="0.061">
  <properties/>
  <testcase name="givenUserIdAndMultipleRides_ShouldReturnExactCount" classname="com.invoice.RideRepositoryTest" time="0.013"/>
  <testcase name="givenUserIdAndNullRides_ShouldReturnCountZero" classname="com.invoice.RideRepositoryTest" time="0.0"/>
  <testcase name="givenMultipleUserIdAndRides_ShouldReturnExactCountOfDefinedUserId" classname="com.invoice.RideRepositoryTest" time="0.026"/>
  <testcase name="givenUserIdAndRides_ShouldAddDataToRepositoryAndGivesCount" classname="com.invoice.RideRepositoryTest" time="0.001"/>
  <system-out><![CDATA[]]></system-out>
  <system-err><![CDATA[]]></system-err>
</testsuite>
